{"level":"info","message":"Server is running on port 3001"}
{"level":"info","message":"A user connected"}
{"level":"info","message":"User location: Surrey, Room: surrey"}
{"level":"info","message":"Server is running on port 3001"}
{"level":"info","message":"A user connected"}
{"level":"info","message":"User location: Surrey, Room: surrey"}
{"level":"info","message":"A user connected"}
{"level":"info","message":"User location: Surrey, Room: surrey"}
{"level":"info","message":"A user disconnected"}
{"level":"info","message":"A user connected"}
{"level":"info","message":"User location: Surrey, Room: surrey"}
{"level":"info","message":"Received message: \"helllll\""}
{"level":"info","message":"Received message: \"oo\""}
{"level":"info","message":"A user disconnected"}
{"level":"info","message":"A user connected"}
{"level":"info","message":"User location: Surrey, Room: surrey"}
{"level":"info","message":"A user disconnected"}
{"level":"info","message":"A user connected"}
{"level":"info","message":"User location: Surrey, Room: surrey"}
{"level":"info","message":"Received message: \"hello\""}
{"level":"info","message":"A user disconnected"}
{"level":"info","message":"A user connected"}
{"level":"info","message":"User location: Surrey, Room: surrey"}
{"level":"info","message":"Received message: \"hello\""}
{"level":"info","message":"A user disconnected"}
{"level":"info","message":"A user connected"}
{"level":"info","message":"User location: Surrey, Room: surrey"}
{"level":"info","message":"Received message: \"hii\""}
{"level":"info","message":"A user disconnected"}
{"level":"info","message":"A user connected"}
{"level":"info","message":"User location: Surrey, Room: surrey"}
{"level":"info","message":"Received message: \"hello\""}
{"level":"info","message":"Received message: \"hjahdkjasbd\""}
{"level":"info","message":"Received message: \"dfjhbawhbf\""}
{"level":"info","message":"Server is running on port 3001"}
{"level":"info","message":"A user connected"}
{"level":"info","message":"User location: Surrey, Room: surrey"}
{"level":"info","message":"A user disconnected"}
{"level":"info","message":"A user connected"}
{"level":"info","message":"User location: Surrey, Room: surrey"}
{"level":"info","message":"Received message: \"asdmn\""}
{"level":"info","message":"A user disconnected"}
{"level":"info","message":"A user connected"}
{"level":"info","message":"User location: Surrey, Room: surrey"}
{"level":"info","message":"A user disconnected"}
{"level":"info","message":"A user connected"}
{"level":"info","message":"User location: Surrey, Room: surrey"}
{"level":"info","message":"Received message: \"hello\""}
{"level":"info","message":"Received message: \"adb\""}
{"level":"info","message":"Received message: \"asdkjn\""}
{"level":"info","message":"Received message: \"adjnb\""}
{"level":"info","message":"A user disconnected"}
{"level":"info","message":"A user connected"}
{"level":"info","message":"User location: Surrey, Room: surrey"}
{"level":"info","message":"Server is running on port 3001"}
{"level":"info","message":"A user connected"}
{"level":"info","message":"User location: Surrey, Room: surrey"}
{"level":"info","message":"Broadcasting message: \"hello\""}
{"level":"info","message":"A user disconnected"}
{"level":"info","message":"A user connected"}
{"level":"info","message":"User location: Surrey, Room: surrey"}
{"level":"info","message":"A user disconnected"}
{"level":"info","message":"A user connected"}
{"level":"info","message":"User location: Surrey, Room: surrey"}
{"level":"info","message":"A user disconnected"}
{"level":"info","message":"A user connected"}
{"level":"info","message":"User location: Surrey, Room: surrey"}
{"level":"info","message":"A user disconnected"}
{"level":"info","message":"A user connected"}
{"level":"info","message":"User location: Surrey, Room: surrey"}
{"level":"info","message":"A user disconnected"}
{"level":"info","message":"A user connected"}
{"level":"info","message":"User location: Surrey, Room: surrey"}
{"level":"info","message":"A user disconnected"}
{"level":"info","message":"A user connected"}
{"level":"info","message":"User location: Surrey, Room: surrey"}
{"level":"info","message":"A user disconnected"}
{"level":"info","message":"A user connected"}
{"level":"info","message":"User location: Surrey, Room: surrey"}
{"level":"info","message":"A user disconnected"}
{"level":"info","message":"A user connected"}
{"level":"info","message":"User location: Surrey, Room: surrey"}
{"level":"info","message":"A user disconnected"}
{"level":"info","message":"A user connected"}
{"level":"info","message":"User location: Surrey, Room: surrey"}
{"level":"info","message":"Broadcasting message: \"Hello\""}
{"level":"info","message":"Broadcasting message: \"anyone out there?\""}
{"level":"info","message":"A user disconnected"}
{"level":"info","message":"A user connected"}
{"level":"info","message":"A user disconnected"}
{"level":"info","message":"User location: Surrey, Room: surrey"}
{"level":"info","message":"A user connected"}
{"level":"info","message":"User location: Surrey, Room: surrey"}
{"level":"info","message":"A user disconnected"}
{"level":"info","message":"A user connected"}
{"level":"info","message":"User location: Surrey, Room: surrey"}
{"level":"info","message":"Broadcasting message: \"Hello\""}
{"level":"info","message":"A user disconnected"}
{"level":"info","message":"A user connected"}
{"level":"info","message":"User location: Surrey, Room: surrey"}
{"level":"info","message":"A user disconnected"}
{"level":"info","message":"A user connected"}
{"level":"info","message":"User location: Surrey, Room: surrey"}
{"level":"info","message":"A user disconnected"}
{"level":"info","message":"A user connected"}
{"level":"info","message":"User location: Surrey, Room: surrey"}
{"level":"info","message":"A user disconnected"}
{"level":"info","message":"A user connected"}
{"level":"info","message":"User location: Surrey, Room: surrey"}
{"level":"info","message":"Broadcasting message: \"Hello\""}
{"level":"info","message":"Broadcasting message: \"Hello\""}
{"level":"info","message":"Broadcasting message: \"asd\""}
{"level":"info","message":"Broadcasting message: \"asd\""}
{"level":"info","message":"Broadcasting message: \"a\""}
{"level":"info","message":"Broadcasting message: \"ad\""}
{"level":"info","message":"Broadcasting message: \"a\""}
{"level":"info","message":"Broadcasting message: \"a\""}
{"level":"info","message":"Broadcasting message: \"a\""}
{"level":"info","message":"Broadcasting message: \"a\""}
{"level":"info","message":"A user disconnected"}
{"level":"info","message":"A user connected"}
{"level":"info","message":"User location: Surrey, Room: surrey"}
{"level":"info","message":"Broadcasting message: \"Hello\""}
{"level":"info","message":"Broadcasting message: \"db\""}
{"level":"info","message":"Broadcasting message: \"asb\""}
{"level":"info","message":"Broadcasting message: \"a\""}
{"level":"info","message":"Broadcasting message: \"a\""}
{"level":"info","message":"Broadcasting message: \"a\""}
{"level":"info","message":"Broadcasting message: \"a\""}
{"level":"info","message":"Broadcasting message: \"a\""}
{"level":"info","message":"Broadcasting message: \"a\""}
{"level":"info","message":"Broadcasting message: \"a\""}
{"level":"info","message":"Broadcasting message: \"a\""}
{"level":"info","message":"Broadcasting message: \"a\""}
{"level":"info","message":"Broadcasting message: \"a\""}
{"level":"info","message":"Broadcasting message: \"a\""}
{"level":"info","message":"Broadcasting message: \"as\""}
{"level":"info","message":"Broadcasting message: \"asasasasa\""}
{"level":"info","message":"Broadcasting message: \"asdd\""}
{"level":"info","message":"A user disconnected"}
{"level":"info","message":"A user connected"}
{"level":"info","message":"User location: Surrey, Room: surrey"}
{"level":"info","message":"Broadcasting message: \"asaaa\""}
{"level":"info","message":"Broadcasting message: \"asdadd\""}
{"level":"info","message":"Broadcasting message: \"adad\""}
{"level":"info","message":"Broadcasting message: \"ada\""}
{"level":"info","message":"Broadcasting message: \"adasd\""}
{"level":"info","message":"Broadcasting message: \"ada\""}
{"level":"info","message":"Broadcasting message: \"ada\""}
{"level":"info","message":"Broadcasting message: \"adad\""}
{"level":"info","message":"Broadcasting message: \"ada\""}
{"level":"info","message":"Broadcasting message: \"ada\""}
{"level":"info","message":"Broadcasting message: \"aaa\""}
{"level":"info","message":"Broadcasting message: \"aaa\""}
{"level":"info","message":"Broadcasting message: \"aa\""}
{"level":"info","message":"Broadcasting message: \"aa\""}
{"level":"info","message":"Broadcasting message: \"aa\""}
{"level":"info","message":"Broadcasting message: \"aa\""}
{"level":"info","message":"Broadcasting message: \"aa\""}
{"level":"info","message":"Broadcasting message: \"asdqdq\""}
{"level":"info","message":"A user disconnected"}
{"level":"info","message":"A user connected"}
{"level":"info","message":"User location: Surrey, Room: surrey"}
{"level":"info","message":"A user disconnected"}
{"level":"info","message":"A user connected"}
{"level":"info","message":"User location: Surrey, Room: surrey"}
{"level":"info","message":"Broadcasting message: \"Hello\""}
{"level":"info","message":"A user connected"}
{"level":"info","message":"User location: Surrey, Room: surrey"}
{"level":"info","message":"Broadcasting message: \"haa\""}
{"level":"info","message":"Broadcasting message: \"asb\""}
{"level":"info","message":"Broadcasting message: \"asdadad\""}
{"level":"info","message":"Broadcasting message: \"asd\""}
{"level":"info","message":"A user disconnected"}
{"level":"info","message":"A user connected"}
{"level":"info","message":"User location: Surrey, Room: surrey"}
{"level":"info","message":"Server is running on port 3001"}
{"level":"info","message":"Server is running on port 3001"}
{"level":"info","message":"A user connected"}
{"level":"info","message":"User location: Surrey, Room: surrey"}
{"level":"info","message":"A user disconnected"}
{"level":"info","message":"A user connected"}
{"level":"info","message":"User location: Surrey, Room: surrey"}
{"level":"info","message":"A user disconnected"}
{"level":"info","message":"A user connected"}
{"level":"info","message":"User location: Surrey, Room: surrey"}
{"level":"info","message":"A user disconnected"}
{"level":"info","message":"A user connected"}
{"level":"info","message":"User location: Surrey, Room: surrey"}
{"level":"info","message":"Broadcasting message: \"heeeek\""}
{"level":"info","message":"A user disconnected"}
{"level":"info","message":"A user connected"}
{"level":"info","message":"User location: Surrey, Room: surrey"}
{"level":"info","message":"A user disconnected"}
{"level":"info","message":"A user connected"}
{"level":"info","message":"User location: Surrey, Room: surrey"}
{"level":"info","message":"A user disconnected"}
{"level":"info","message":"A user connected"}
{"level":"info","message":"User location: Surrey, Room: surrey"}
{"level":"info","message":"A user disconnected"}
{"level":"info","message":"A user connected"}
{"level":"info","message":"User location: Surrey, Room: surrey"}
{"level":"info","message":"A user disconnected"}
{"level":"info","message":"Server is running on port 3001"}
{"level":"info","message":"Server is running on port 3001"}
{"level":"info","message":"New user registered: thumar.jeel@gmail.com"}
{"level":"info","message":"A user connected"}
{"level":"info","message":"User location: Surrey, Room: surrey"}
{"level":"info","message":"Broadcasting message: \"hello\""}
{"level":"info","message":"A user disconnected"}
{"level":"info","message":"A user connected"}
{"level":"info","message":"User location: Surrey, Room: surrey"}
{"level":"info","message":"A user disconnected"}
{"level":"info","message":"A user connected"}
{"level":"info","message":"User location: Surrey, Room: surrey"}
{"level":"info","message":"Broadcasting message: \"hellooo\""}
{"level":"info","message":"A user disconnected"}
{"level":"info","message":"Server is running on port 3001"}
{"level":"info","message":"A user connected"}
{"level":"info","message":"User location: Surrey, Room: surrey"}
{"level":"info","message":"A user disconnected"}
{"level":"info","message":"A user connected"}
{"level":"info","message":"User location: Surrey, Room: surrey"}
{"level":"info","message":"Broadcasting message: \"hello\""}
{"level":"info","message":"A user disconnected"}
{"level":"info","message":"A user connected"}
{"level":"info","message":"User location: Surrey, Room: surrey"}
{"level":"info","message":"Broadcasting message: \"hello\""}
{"level":"info","message":"Broadcasting message: \"addadd\""}
{"level":"info","message":"A user disconnected"}
{"level":"info","message":"A user connected"}
{"level":"info","message":"User location: Surrey, Room: surrey"}
{"level":"info","message":"Broadcasting message: \"a\""}
{"level":"info","message":"Server is running on port 3001"}
{"level":"info","message":"A user connected"}
{"level":"info","message":"User location: Surrey, Room: surrey"}
{"level":"info","message":"A user disconnected"}
{"level":"info","message":"A user connected"}
{"level":"info","message":"User location: Surrey, Room: surrey"}
{"level":"info","message":"Broadcasting message: \"hello\" at 2024-11-30T03:22:57.761Z"}
{"level":"info","message":"A user disconnected"}
{"level":"info","message":"A user connected"}
{"level":"info","message":"User location: Surrey, Room: surrey"}
{"level":"info","message":"Broadcasting message: \"hello\" at 2024-11-30T03:24:06.935Z"}
{"level":"info","message":"A user disconnected"}
{"level":"info","message":"A user connected"}
{"level":"info","message":"User location: Surrey, Room: surrey"}
{"level":"info","message":"Broadcasting message: \"hello\" at 2024-11-30T03:25:46.067Z"}
{"level":"info","message":"Server is running on port 3001"}
{"level":"info","message":"A user connected"}
{"level":"info","message":"User location: Surrey, Room: surrey"}
{"level":"info","message":"Server is running on port 3001"}
{"level":"info","message":"A user connected"}
{"level":"info","message":"User location: Surrey, Room: surrey"}
{"level":"info","message":"A user disconnected"}
{"level":"info","message":"A user connected"}
{"level":"info","message":"User location: Surrey, Room: surrey"}
{"level":"info","message":"Server is running on port 3001"}
{"level":"info","message":"A user connected"}
{"level":"info","message":"User location: Surrey, Room: surrey"}
{"level":"info","message":"Broadcasting message: \"dsad\" at 19:28"}
{"level":"info","message":"A user disconnected"}
{"level":"info","message":"A user connected"}
{"level":"info","message":"User location: Surrey, Room: surrey"}
{"level":"info","message":"A user disconnected"}
